2026-03-17T21:11:00.597700Z TRACE ThreadId(01) version: 1.18.2
2026-03-17T21:11:00.597774Z TRACE ThreadId(01) platform: windows
2026-03-17T21:11:00.597787Z TRACE ThreadId(01) args: [
    "C:\\Users\\ZD-PC\\AppData\\Local\\Microsoft\\WinGet\\Links\\hemtt.exe",
    "check",
]
2026-03-17T21:11:00.598254Z TRACE ThreadId(01) using temporary folder: "C:\\Users\\ZD-PC\\AppData\\Local\\Temp\\hemtt\\Users_ZD-PC_Documents_GitHub_gunmetal_grooves"
2026-03-17T21:11:00.598265Z TRACE ThreadId(01) using project folder: "C:\\Users\\ZD-PC\\Documents\\GitHub\\gunmetal_grooves"
2026-03-17T21:11:00.598299Z TRACE ThreadId(01) using out folder: "C:\\Users\\ZD-PC\\Documents\\GitHub\\gunmetal_grooves\\.hemttout"
2026-03-17T21:11:00.598528Z TRACE ThreadId(01) using build folder: "C:\\Users\\ZD-PC\\Documents\\GitHub\\gunmetal_grooves\\.hemttout\\check"
2026-03-17T21:11:00.604651Z TRACE ThreadId(01) config.cpp: VfsPath { path: "/addons/main/config.cpp", fs: VFS { fs: OverlayFS { layers: [VfsPath { path: "", fs: VFS { fs: In Memory File System } }, VfsPath { path: "", fs: VFS { fs: AltrootFS { root: VfsPath { path: "", fs: VFS { fs: PhysicalFS { root: "C:\\Users\\ZD-PC\\Documents\\GitHub\\gunmetal_grooves\\include" } } } } } }, VfsPath { path: "", fs: VFS { fs: AltrootFS { root: VfsPath { path: "", fs: VFS { fs: PhysicalFS { root: "C:\\Users\\ZD-PC\\AppData\\Local\\Temp\\hemtt\\Users_ZD-PC_Documents_GitHub_gunmetal_grooves\\hemtt_binarize_output" } } } } } }, VfsPath { path: "", fs: VFS { fs: AltrootFS { root: VfsPath { path: "", fs: VFS { fs: PhysicalFS { root: "C:\\Users\\ZD-PC\\Documents\\GitHub\\gunmetal_grooves" } } } } } }] } } }
2026-03-17T21:11:00.605159Z TRACE ThreadId(01) Prefix: VfsPath { path: "/addons/main/$PBOPREFIX$", fs: VFS { fs: OverlayFS { layers: [VfsPath { path: "", fs: VFS { fs: In Memory File System } }, VfsPath { path: "", fs: VFS { fs: AltrootFS { root: VfsPath { path: "", fs: VFS { fs: PhysicalFS { root: "C:\\Users\\ZD-PC\\Documents\\GitHub\\gunmetal_grooves\\include" } } } } } }, VfsPath { path: "", fs: VFS { fs: AltrootFS { root: VfsPath { path: "", fs: VFS { fs: PhysicalFS { root: "C:\\Users\\ZD-PC\\AppData\\Local\\Temp\\hemtt\\Users_ZD-PC_Documents_GitHub_gunmetal_grooves\\hemtt_binarize_output" } } } } } }, VfsPath { path: "", fs: VFS { fs: AltrootFS { root: VfsPath { path: "", fs: VFS { fs: PhysicalFS { root: "C:\\Users\\ZD-PC\\Documents\\GitHub\\gunmetal_grooves" } } } } } }] } } }
2026-03-17T21:11:00.606146Z TRACE ThreadId(01) Prefix: VfsPath { path: "/addons/compact_discs/$PBOPREFIX$", fs: VFS { fs: OverlayFS { layers: [VfsPath { path: "", fs: VFS { fs: In Memory File System } }, VfsPath { path: "", fs: VFS { fs: AltrootFS { root: VfsPath { path: "", fs: VFS { fs: PhysicalFS { root: "C:\\Users\\ZD-PC\\Documents\\GitHub\\gunmetal_grooves\\include" } } } } } }, VfsPath { path: "", fs: VFS { fs: AltrootFS { root: VfsPath { path: "", fs: VFS { fs: PhysicalFS { root: "C:\\Users\\ZD-PC\\AppData\\Local\\Temp\\hemtt\\Users_ZD-PC_Documents_GitHub_gunmetal_grooves\\hemtt_binarize_output" } } } } } }, VfsPath { path: "", fs: VFS { fs: AltrootFS { root: VfsPath { path: "", fs: VFS { fs: PhysicalFS { root: "C:\\Users\\ZD-PC\\Documents\\GitHub\\gunmetal_grooves" } } } } } }] } } }
2026-03-17T21:11:00.606545Z TRACE ThreadId(01) config.cpp: VfsPath { path: "/addons/compact_discs/config.cpp", fs: VFS { fs: OverlayFS { layers: [VfsPath { path: "", fs: VFS { fs: In Memory File System } }, VfsPath { path: "", fs: VFS { fs: AltrootFS { root: VfsPath { path: "", fs: VFS { fs: PhysicalFS { root: "C:\\Users\\ZD-PC\\Documents\\GitHub\\gunmetal_grooves\\include" } } } } } }, VfsPath { path: "", fs: VFS { fs: AltrootFS { root: VfsPath { path: "", fs: VFS { fs: PhysicalFS { root: "C:\\Users\\ZD-PC\\AppData\\Local\\Temp\\hemtt\\Users_ZD-PC_Documents_GitHub_gunmetal_grooves\\hemtt_binarize_output" } } } } } }, VfsPath { path: "", fs: VFS { fs: AltrootFS { root: VfsPath { path: "", fs: VFS { fs: PhysicalFS { root: "C:\\Users\\ZD-PC\\Documents\\GitHub\\gunmetal_grooves" } } } } } }] } } }
2026-03-17T21:11:00.607083Z TRACE ThreadId(01) Prefix: VfsPath { path: "/addons/car_stereo/$PBOPREFIX$", fs: VFS { fs: OverlayFS { layers: [VfsPath { path: "", fs: VFS { fs: In Memory File System } }, VfsPath { path: "", fs: VFS { fs: AltrootFS { root: VfsPath { path: "", fs: VFS { fs: PhysicalFS { root: "C:\\Users\\ZD-PC\\Documents\\GitHub\\gunmetal_grooves\\include" } } } } } }, VfsPath { path: "", fs: VFS { fs: AltrootFS { root: VfsPath { path: "", fs: VFS { fs: PhysicalFS { root: "C:\\Users\\ZD-PC\\AppData\\Local\\Temp\\hemtt\\Users_ZD-PC_Documents_GitHub_gunmetal_grooves\\hemtt_binarize_output" } } } } } }, VfsPath { path: "", fs: VFS { fs: AltrootFS { root: VfsPath { path: "", fs: VFS { fs: PhysicalFS { root: "C:\\Users\\ZD-PC\\Documents\\GitHub\\gunmetal_grooves" } } } } } }] } } }
2026-03-17T21:11:00.608158Z TRACE ThreadId(01) config.cpp: VfsPath { path: "/addons/car_stereo/config.cpp", fs: VFS { fs: OverlayFS { layers: [VfsPath { path: "", fs: VFS { fs: In Memory File System } }, VfsPath { path: "", fs: VFS { fs: AltrootFS { root: VfsPath { path: "", fs: VFS { fs: PhysicalFS { root: "C:\\Users\\ZD-PC\\Documents\\GitHub\\gunmetal_grooves\\include" } } } } } }, VfsPath { path: "", fs: VFS { fs: AltrootFS { root: VfsPath { path: "", fs: VFS { fs: PhysicalFS { root: "C:\\Users\\ZD-PC\\AppData\\Local\\Temp\\hemtt\\Users_ZD-PC_Documents_GitHub_gunmetal_grooves\\hemtt_binarize_output" } } } } } }, VfsPath { path: "", fs: VFS { fs: AltrootFS { root: VfsPath { path: "", fs: VFS { fs: PhysicalFS { root: "C:\\Users\\ZD-PC\\Documents\\GitHub\\gunmetal_grooves" } } } } } }] } } }
2026-03-17T21:11:00.612081Z TRACE ThreadId(01) config.cpp: VfsPath { path: "/addons/fonts/config.cpp", fs: VFS { fs: OverlayFS { layers: [VfsPath { path: "", fs: VFS { fs: In Memory File System } }, VfsPath { path: "", fs: VFS { fs: AltrootFS { root: VfsPath { path: "", fs: VFS { fs: PhysicalFS { root: "C:\\Users\\ZD-PC\\Documents\\GitHub\\gunmetal_grooves\\include" } } } } } }, VfsPath { path: "", fs: VFS { fs: AltrootFS { root: VfsPath { path: "", fs: VFS { fs: PhysicalFS { root: "C:\\Users\\ZD-PC\\AppData\\Local\\Temp\\hemtt\\Users_ZD-PC_Documents_GitHub_gunmetal_grooves\\hemtt_binarize_output" } } } } } }, VfsPath { path: "", fs: VFS { fs: AltrootFS { root: VfsPath { path: "", fs: VFS { fs: PhysicalFS { root: "C:\\Users\\ZD-PC\\Documents\\GitHub\\gunmetal_grooves" } } } } } }] } } }
2026-03-17T21:11:00.612229Z TRACE ThreadId(01) Prefix: VfsPath { path: "/addons/fonts/$PBOPREFIX$", fs: VFS { fs: OverlayFS { layers: [VfsPath { path: "", fs: VFS { fs: In Memory File System } }, VfsPath { path: "", fs: VFS { fs: AltrootFS { root: VfsPath { path: "", fs: VFS { fs: PhysicalFS { root: "C:\\Users\\ZD-PC\\Documents\\GitHub\\gunmetal_grooves\\include" } } } } } }, VfsPath { path: "", fs: VFS { fs: AltrootFS { root: VfsPath { path: "", fs: VFS { fs: PhysicalFS { root: "C:\\Users\\ZD-PC\\AppData\\Local\\Temp\\hemtt\\Users_ZD-PC_Documents_GitHub_gunmetal_grooves\\hemtt_binarize_output" } } } } } }, VfsPath { path: "", fs: VFS { fs: AltrootFS { root: VfsPath { path: "", fs: VFS { fs: PhysicalFS { root: "C:\\Users\\ZD-PC\\Documents\\GitHub\\gunmetal_grooves" } } } } } }] } } }
2026-03-17T21:11:00.623176Z TRACE ThreadId(01) config.cpp: VfsPath { path: "/addons/music/config.cpp", fs: VFS { fs: OverlayFS { layers: [VfsPath { path: "", fs: VFS { fs: In Memory File System } }, VfsPath { path: "", fs: VFS { fs: AltrootFS { root: VfsPath { path: "", fs: VFS { fs: PhysicalFS { root: "C:\\Users\\ZD-PC\\Documents\\GitHub\\gunmetal_grooves\\include" } } } } } }, VfsPath { path: "", fs: VFS { fs: AltrootFS { root: VfsPath { path: "", fs: VFS { fs: PhysicalFS { root: "C:\\Users\\ZD-PC\\AppData\\Local\\Temp\\hemtt\\Users_ZD-PC_Documents_GitHub_gunmetal_grooves\\hemtt_binarize_output" } } } } } }, VfsPath { path: "", fs: VFS { fs: AltrootFS { root: VfsPath { path: "", fs: VFS { fs: PhysicalFS { root: "C:\\Users\\ZD-PC\\Documents\\GitHub\\gunmetal_grooves" } } } } } }] } } }
2026-03-17T21:11:00.623455Z TRACE ThreadId(01) Prefix: VfsPath { path: "/addons/music/$PBOPREFIX$", fs: VFS { fs: OverlayFS { layers: [VfsPath { path: "", fs: VFS { fs: In Memory File System } }, VfsPath { path: "", fs: VFS { fs: AltrootFS { root: VfsPath { path: "", fs: VFS { fs: PhysicalFS { root: "C:\\Users\\ZD-PC\\Documents\\GitHub\\gunmetal_grooves\\include" } } } } } }, VfsPath { path: "", fs: VFS { fs: AltrootFS { root: VfsPath { path: "", fs: VFS { fs: PhysicalFS { root: "C:\\Users\\ZD-PC\\AppData\\Local\\Temp\\hemtt\\Users_ZD-PC_Documents_GitHub_gunmetal_grooves\\hemtt_binarize_output" } } } } } }, VfsPath { path: "", fs: VFS { fs: AltrootFS { root: VfsPath { path: "", fs: VFS { fs: PhysicalFS { root: "C:\\Users\\ZD-PC\\Documents\\GitHub\\gunmetal_grooves" } } } } } }] } } }
2026-03-17T21:11:00.646569Z TRACE ThreadId(01) checking for version macro in VfsPath { path: "/addons/main/script_version.hpp", fs: VFS { fs: OverlayFS { layers: [VfsPath { path: "", fs: VFS { fs: In Memory File System } }, VfsPath { path: "", fs: VFS { fs: AltrootFS { root: VfsPath { path: "", fs: VFS { fs: PhysicalFS { root: "C:\\Users\\ZD-PC\\Documents\\GitHub\\gunmetal_grooves\\include" } } } } } }, VfsPath { path: "", fs: VFS { fs: AltrootFS { root: VfsPath { path: "", fs: VFS { fs: PhysicalFS { root: "C:\\Users\\ZD-PC\\AppData\\Local\\Temp\\hemtt\\Users_ZD-PC_Documents_GitHub_gunmetal_grooves\\hemtt_binarize_output" } } } } } }, VfsPath { path: "", fs: VFS { fs: AltrootFS { root: VfsPath { path: "", fs: VFS { fs: PhysicalFS { root: "C:\\Users\\ZD-PC\\Documents\\GitHub\\gunmetal_grooves" } } } } } }] } } }
2026-03-17T21:11:00.646893Z  INFO ThreadId(01) Config loaded for Gunmetal Grooves 1.17.1.26
2026-03-17T21:11:00.646967Z TRACE ThreadId(01) Scanning C:\Users\ZD-PC\Documents\GitHub\gunmetal_grooves\addons for addons
2026-03-17T21:11:00.648556Z DEBUG ThreadId(01) using global config directory: "C:\\Users\\ZD-PC\\AppData\\Roaming\\hemtt"
2026-03-17T21:11:00.648736Z  INFO ThreadId(01) Running checks
2026-03-17T21:11:00.648758Z TRACE ThreadId(01) phase: init (BOM Check) (start)
2026-03-17T21:11:00.648767Z TRACE ThreadId(01) phase: init (BOM Check) (done)
2026-03-17T21:11:00.648771Z TRACE ThreadId(01) phase: init (Final New Line Check) (start)
2026-03-17T21:11:00.648774Z TRACE ThreadId(01) phase: init (Final New Line Check) (done)
2026-03-17T21:11:00.648776Z TRACE ThreadId(01) phase: init (git) (start)
2026-03-17T21:11:00.648779Z TRACE ThreadId(01) phase: init (git) (done)
2026-03-17T21:11:00.648782Z TRACE ThreadId(01) phase: init (Hooks) (start)
2026-03-17T21:11:00.648809Z TRACE ThreadId(01) no hooks folder
2026-03-17T21:11:00.648814Z TRACE ThreadId(01) phase: init (Hooks) (done)
2026-03-17T21:11:00.648817Z TRACE ThreadId(01) phase: init (pboprefix) (start)
2026-03-17T21:11:00.648820Z TRACE ThreadId(01) phase: init (pboprefix) (done)
2026-03-17T21:11:00.648823Z TRACE ThreadId(01) phase: init (Binarize) (start)
2026-03-17T21:11:00.648828Z TRACE ThreadId(01) phase: init (Binarize) (done)
2026-03-17T21:11:00.648831Z TRACE ThreadId(01) phase: init (Rapifier) (start)
2026-03-17T21:11:00.648834Z TRACE ThreadId(01) phase: init (Rapifier) (done)
2026-03-17T21:11:00.648837Z TRACE ThreadId(01) phase: init (SQF) (start)
2026-03-17T21:11:01.051723Z TRACE ThreadId(01) phase: init (SQF) (done)
2026-03-17T21:11:01.051737Z TRACE ThreadId(01) phase: init (Stringtables) (start)
2026-03-17T21:11:01.051741Z TRACE ThreadId(01) phase: init (Stringtables) (done)
2026-03-17T21:11:01.051744Z TRACE ThreadId(01) phase: check (BOM Check) (start)
2026-03-17T21:11:01.064038Z TRACE ThreadId(01) phase: check (BOM Check) (done)
2026-03-17T21:11:01.064047Z TRACE ThreadId(01) phase: check (Final New Line Check) (start)
2026-03-17T21:11:01.067506Z TRACE ThreadId(01) phase: check (Final New Line Check) (done)
2026-03-17T21:11:01.067514Z TRACE ThreadId(01) phase: check (git) (start)
2026-03-17T21:11:01.075832Z TRACE ThreadId(01) phase: check (git) (done)
2026-03-17T21:11:01.075840Z TRACE ThreadId(01) phase: check (Hooks) (start)
2026-03-17T21:11:01.075844Z TRACE ThreadId(01) phase: check (Hooks) (done)
2026-03-17T21:11:01.075847Z TRACE ThreadId(01) phase: check (pboprefix) (start)
2026-03-17T21:11:01.075851Z TRACE ThreadId(01) Checking prefixes against expected project path: lucid\gg\
2026-03-17T21:11:01.076224Z TRACE ThreadId(01) phase: check (pboprefix) (done)
2026-03-17T21:11:01.076238Z TRACE ThreadId(01) phase: check (Binarize) (start)
2026-03-17T21:11:01.150281Z  INFO ThreadId(01) Validated 0 files for binarization
2026-03-17T21:11:01.150297Z TRACE ThreadId(01) phase: check (Binarize) (done)
2026-03-17T21:11:01.150309Z TRACE ThreadId(01) phase: check (Rapifier) (start)
2026-03-17T21:11:01.150370Z TRACE ThreadId(01) phase: check (Rapifier) (done)
2026-03-17T21:11:01.150375Z TRACE ThreadId(01) phase: check (SQF) (start)
2026-03-17T21:11:01.150444Z TRACE ThreadId(01) phase: check (SQF) (done)
2026-03-17T21:11:01.150448Z TRACE ThreadId(01) phase: check (Stringtables) (start)
2026-03-17T21:11:01.150483Z TRACE ThreadId(01) phase: check (Stringtables) (done)
2026-03-17T21:11:01.150487Z TRACE ThreadId(01) phase: pre_build (BOM Check) (start)
2026-03-17T21:11:01.150491Z TRACE ThreadId(01) phase: pre_build (BOM Check) (done)
2026-03-17T21:11:01.150494Z TRACE ThreadId(01) phase: pre_build (Final New Line Check) (start)
2026-03-17T21:11:01.150498Z TRACE ThreadId(01) phase: pre_build (Final New Line Check) (done)
2026-03-17T21:11:01.150502Z TRACE ThreadId(01) phase: pre_build (git) (start)
2026-03-17T21:11:01.150505Z TRACE ThreadId(01) phase: pre_build (git) (done)
2026-03-17T21:11:01.150508Z TRACE ThreadId(01) phase: pre_build (Hooks) (start)
2026-03-17T21:11:01.150515Z TRACE ThreadId(01) phase: pre_build (Hooks) (done)
2026-03-17T21:11:01.150519Z TRACE ThreadId(01) phase: pre_build (pboprefix) (start)
2026-03-17T21:11:01.150522Z TRACE ThreadId(01) phase: pre_build (pboprefix) (done)
2026-03-17T21:11:01.150525Z TRACE ThreadId(01) phase: pre_build (Binarize) (start)
2026-03-17T21:11:01.150530Z TRACE ThreadId(01) phase: pre_build (Binarize) (done)
2026-03-17T21:11:01.150533Z TRACE ThreadId(01) phase: pre_build (Rapifier) (start)
2026-03-17T21:11:02.084976Z  INFO ThreadId(01) Rapified 5 addon configs
2026-03-17T21:11:02.085052Z TRACE ThreadId(01) phase: pre_build (Rapifier) (done)
2026-03-17T21:11:02.085059Z TRACE ThreadId(01) phase: pre_build (SQF) (start)
2026-03-17T21:11:02.194184Z TRACE ThreadId(03) sqf compiling /addons/car_stereo/XEH_preInit.sqf
2026-03-17T21:11:02.194198Z TRACE ThreadId(09) sqf compiling /addons/car_stereo/XEH_preStart.sqf
2026-03-17T21:11:02.194216Z TRACE ThreadId(06) sqf compiling /addons/car_stereo/initSettings.sqf
2026-03-17T21:11:02.194227Z TRACE ThreadId(15) sqf compiling /addons/car_stereo/functions/fnc_handlePlayMode.sqf
2026-03-17T21:11:02.194254Z TRACE ThreadId(10) sqf compiling /addons/car_stereo/functions/fnc_setMode.sqf
2026-03-17T21:11:02.194227Z TRACE ThreadId(17) sqf compiling /addons/car_stereo/functions/fnc_compile.sqf
2026-03-17T21:11:02.194240Z TRACE ThreadId(05) sqf compiling /addons/car_stereo/functions/fnc_handleLoad.sqf
2026-03-17T21:11:02.194244Z TRACE ThreadId(04) sqf compiling /addons/car_stereo/functions/fnc_getVolumeString.sqf
2026-03-17T21:11:02.194248Z TRACE ThreadId(13) sqf compiling /addons/car_stereo/functions/fnc_trackingThread.sqf
2026-03-17T21:11:02.194230Z TRACE ThreadId(12) sqf compiling /addons/car_stereo/functions/fnc_handleFeatureCamera.sqf
2026-03-17T21:11:02.194234Z TRACE ThreadId(18) sqf compiling /addons/car_stereo/functions/fnc_setCD.sqf
2026-03-17T21:11:02.194253Z TRACE ThreadId(11) sqf compiling /addons/car_stereo/functions/fnc_getStereoVariant.sqf
2026-03-17T21:11:02.194262Z TRACE ThreadId(07) sqf compiling /addons/car_stereo/XEH_postInit.sqf
2026-03-17T21:11:02.194259Z TRACE ThreadId(16) sqf compiling /addons/car_stereo/functions/fnc_renderMainText.sqf
2026-03-17T21:11:02.194233Z TRACE ThreadId(08) sqf compiling /addons/car_stereo/functions/fnc_handleSeek.sqf
2026-03-17T21:11:02.194227Z TRACE ThreadId(14) sqf compiling /addons/car_stereo/functions/fnc_handleEject.sqf
2026-03-17T21:11:02.196680Z TRACE ThreadId(06) sqf compiling /addons/car_stereo/functions/fnc_handleCDConfirm.sqf
2026-03-17T21:11:02.242027Z TRACE ThreadId(03) sqf compiling /addons/car_stereo/functions/fnc_handleInsert.sqf
2026-03-17T21:11:02.260073Z TRACE ThreadId(09) sqf compiling /addons/car_stereo/functions/fnc_getTimeString.sqf
2026-03-17T21:11:02.263742Z TRACE ThreadId(17) sqf compiling /addons/car_stereo/functions/fnc_handleVehicleChanged.sqf
2026-03-17T21:11:02.276581Z TRACE ThreadId(10) sqf compiling /addons/car_stereo/initKeybinds.sqf
2026-03-17T21:11:02.278119Z TRACE ThreadId(10) sqf compiling /addons/car_stereo/functions/fnc_setTrack.sqf
2026-03-17T21:11:02.295154Z TRACE ThreadId(15) sqf compiling /addons/car_stereo/functions/fnc_handleBassBoost.sqf
2026-03-17T21:11:02.309924Z TRACE ThreadId(08) sqf compiling /addons/car_stereo/functions/fnc_open.sqf
2026-03-17T21:11:02.332221Z TRACE ThreadId(13) sqf compiling /addons/car_stereo/functions/fnc_setPlaying.sqf
2026-03-17T21:11:02.347370Z TRACE ThreadId(14) sqf compiling /addons/car_stereo/functions/fnc_renderBody.sqf
2026-03-17T21:11:02.362529Z TRACE ThreadId(11) sqf compiling /addons/car_stereo/functions/fnc_getCurrentTrackInfo.sqf
2026-03-17T21:11:02.379844Z TRACE ThreadId(06) sqf compiling /addons/car_stereo/functions/fnc_setVolume.sqf
2026-03-17T21:11:02.393712Z TRACE ThreadId(04) sqf compiling /addons/car_stereo/functions/fnc_stop.sqf
2026-03-17T21:11:02.413879Z TRACE ThreadId(05) sqf compiling /addons/car_stereo/functions/fnc_handleSource.sqf
2026-03-17T21:11:02.426687Z TRACE ThreadId(07) sqf compiling /addons/car_stereo/functions/fnc_handleCDCancel.sqf
2026-03-17T21:11:02.441687Z TRACE ThreadId(12) sqf compiling /addons/car_stereo/functions/fnc_canOpen.sqf
2026-03-17T21:11:02.470781Z TRACE ThreadId(16) sqf compiling /addons/car_stereo/functions/fnc_setBassBoost.sqf
2026-03-17T21:11:02.485102Z TRACE ThreadId(18) sqf compiling /addons/car_stereo/functions/fnc_renderPFH.sqf
2026-03-17T21:11:02.490792Z TRACE ThreadId(03) sqf compiling /addons/car_stereo/functions/fnc_handlePlayPause.sqf
2026-03-17T21:11:02.508324Z TRACE ThreadId(09) sqf compiling /addons/car_stereo/functions/fnc_setPlayMode.sqf
2026-03-17T21:11:02.523475Z TRACE ThreadId(17) sqf compiling /addons/car_stereo/functions/fnc_play.sqf
2026-03-17T21:11:02.543261Z TRACE ThreadId(10) sqf compiling /addons/car_stereo/functions/fnc_handleVolume.sqf
2026-03-17T21:11:02.792328Z  INFO ThreadId(01) Compiled 38 sqf files
2026-03-17T21:11:02.792514Z TRACE ThreadId(01) phase: pre_build (SQF) (failed)
2026-03-17T21:11:03.301767Z TRACE ThreadId(01) writing ci annotations to .hemttout/ci_annotations.txt
2026-03-17T21:11:03.807503Z TRACE ThreadId(01) wrote 2 ci annotations to .hemttout/ci_annotations.txt
